0 info it worked if it ends with ok
1 verbose cli [ '/usr/local/bin/node', '/usr/local/bin/npm', 'install', '-g' ]
2 info using npm@2.15.8
3 info using node@v4.4.7
4 verbose install initial load of /usr/local/lib/package.json
5 verbose readDependencies loading dependencies from /usr/local/lib/package.json
6 silly cache add args [ '.', null ]
7 verbose cache add spec .
8 silly cache add parsed spec Result {
8 silly cache add   raw: '.',
8 silly cache add   scope: null,
8 silly cache add   name: null,
8 silly cache add   rawSpec: '.',
8 silly cache add   spec: '/Users/davidpham/Projects/resume',
8 silly cache add   type: 'directory' }
9 error addLocal Could not install /Users/davidpham/Projects/resume
10 verbose stack Error: No version provided in package.json
10 verbose stack     at /usr/local/lib/node_modules/npm/lib/cache/add-local.js:70:17
10 verbose stack     at /usr/local/lib/node_modules/npm/node_modules/read-package-json/read-json.js:356:5
10 verbose stack     at checkBinReferences_ (/usr/local/lib/node_modules/npm/node_modules/read-package-json/read-json.js:320:45)
10 verbose stack     at final (/usr/local/lib/node_modules/npm/node_modules/read-package-json/read-json.js:354:3)
10 verbose stack     at then (/usr/local/lib/node_modules/npm/node_modules/read-package-json/read-json.js:124:5)
10 verbose stack     at /usr/local/lib/node_modules/npm/node_modules/read-package-json/read-json.js:311:12
10 verbose stack     at /usr/local/lib/node_modules/npm/node_modules/graceful-fs/graceful-fs.js:78:16
10 verbose stack     at FSReqWrap.readFileAfterClose [as oncomplete] (fs.js:380:3)
11 verbose cwd /Users/davidpham/Projects/resume
12 error Darwin 16.3.0
13 error argv "/usr/local/bin/node" "/usr/local/bin/npm" "install" "-g"
14 error node v4.4.7
15 error npm  v2.15.8
16 error No version provided in package.json
17 error If you need help, you may report this error at:
17 error     <https://github.com/npm/npm/issues>
18 verbose exit [ 1, true ]
